<?xml version="1.0" encoding="UTF-8"?>
<!-- Generated by org.testng.reporters.JUnitXMLReporter -->
<testsuite ignored="0" hostname="WINDOWS-SBM5E6C" failures="0" tests="1" name="Default test" time="0.481" errors="0" timestamp="2022-06-02T19:22:04 IST">
  <testcase classname="BatchNo30_BaseClass.BaseClass" name="@BeforeSuite intiliaseFiles" time="0.728">
    <failure type="java.lang.IllegalAccessError" message="class BatchNo30_Utility.Utility (in unnamed module @0x6e2aa843) cannot access class jdk.internal.org.jline.utils.Log (in module jdk.internal.le) because module jdk.internal.le does not export jdk.internal.org.jline.utils to unnamed module @0x6e2aa843">
      <![CDATA[java.lang.IllegalAccessError: class BatchNo30_Utility.Utility (in unnamed module @0x6e2aa843) cannot access class jdk.internal.org.jline.utils.Log (in module jdk.internal.le) because module jdk.internal.le does not export jdk.internal.org.jline.utils to unnamed module @0x6e2aa843
at BatchNo30_Utility.Utility.getDatetime(Utility.java:151)
at BatchNo30_Constants.Constant.<clinit>(Constant.java:17)
at BatchNo30_BaseClass.BaseClass.intiliaseFiles(BaseClass.java:27)
at java.base/jdk.internal.reflect.NativeMethodAccessorImpl.invoke0(Native Method)
at java.base/jdk.internal.reflect.NativeMethodAccessorImpl.invoke(NativeMethodAccessorImpl.java:64)
at java.base/jdk.internal.reflect.DelegatingMethodAccessorImpl.invoke(DelegatingMethodAccessorImpl.java:43)
at java.base/java.lang.reflect.Method.invoke(Method.java:564)
at org.testng.internal.MethodInvocationHelper.invokeMethod(MethodInvocationHelper.java:133)
at org.testng.internal.MethodInvocationHelper.invokeMethodConsideringTimeout(MethodInvocationHelper.java:62)
at org.testng.internal.ConfigInvoker.invokeConfigurationMethod(ConfigInvoker.java:385)
at org.testng.internal.ConfigInvoker.invokeConfigurations(ConfigInvoker.java:321)
at org.testng.SuiteRunner.privateRun(SuiteRunner.java:317)
at org.testng.SuiteRunner.run(SuiteRunner.java:276)
at org.testng.SuiteRunnerWorker.runSuite(SuiteRunnerWorker.java:53)
at org.testng.SuiteRunnerWorker.run(SuiteRunnerWorker.java:96)
at org.testng.TestNG.runSuitesSequentially(TestNG.java:1212)
at org.testng.TestNG.runSuitesLocally(TestNG.java:1134)
at org.testng.TestNG.runSuites(TestNG.java:1063)
at org.testng.TestNG.run(TestNG.java:1031)
at org.testng.remote.AbstractRemoteTestNG.run(AbstractRemoteTestNG.java:115)
at org.testng.remote.RemoteTestNG.initAndRun(RemoteTestNG.java:251)
at org.testng.remote.RemoteTestNG.main(RemoteTestNG.java:77)
]]>
    </failure>
  </testcase> <!-- @BeforeSuite intiliaseFiles -->
  <testcase classname="Uipath_Uibank_TestCases.LoginActions_Caller" name="@BeforeMethod launchEnv_Caller" time="-1.65417792382E9">
    <skipped/>
  </testcase> <!-- @BeforeMethod launchEnv_Caller -->
  <testcase classname="Uipath_Uibank_TestCases.LoginActions_Caller" name="@AfterMethod closingBrowser" time="-1.654177923943E9">
    <skipped/>
  </testcase> <!-- @AfterMethod closingBrowser -->
  <testcase classname="BatchNo30_BaseClass.BaseClass" name="@AfterTest FLushReports" time="-1.65417792403E9">
    <skipped/>
  </testcase> <!-- @AfterTest FLushReports -->
  <testcase classname="Uipath_Uibank_TestCases.LoginActions_Caller" name="LoignAcrtionsCaller" time="0.0">
    <skipped/>
  </testcase> <!-- LoignAcrtionsCaller -->
</testsuite> <!-- Default test -->
